Copyright 1986-2020 Xilinx, Inc. All Rights Reserved.
------------------------------------------------------------------------------------
| Tool Version : Vivado v.2020.1 (lin64) Build 2902540 Wed May 27 19:54:35 MDT 2020
| Date         : Tue Jul 28 16:03:13 2020
| Host         : pedro-nvme running 64-bit Ubuntu 18.04.4 LTS
| Command      : report_utilization -file ./results/utilization.rpt
| Design       : top
| Device       : xczu3egsfva625-1
| Design State : Routed
------------------------------------------------------------------------------------

Utilization Design Information

Table of Contents
-----------------
1. CLB Logic
1.1 Summary of Registers by Type
2. CLB Logic Distribution
3. BLOCKRAM
4. ARITHMETIC
5. I/O
6. CLOCK
7. ADVANCED
8. CONFIGURATION
9. Primitives
10. Black Boxes
11. Instantiated Netlists

1. CLB Logic
------------

+----------------------------+-------+-------+-----------+-------+
|          Site Type         |  Used | Fixed | Available | Util% |
+----------------------------+-------+-------+-----------+-------+
| CLB LUTs                   | 12806 |     0 |     70560 | 18.15 |
|   LUT as Logic             | 11208 |     0 |     70560 | 15.88 |
|   LUT as Memory            |  1598 |     0 |     28800 |  5.55 |
|     LUT as Distributed RAM |   240 |     0 |           |       |
|     LUT as Shift Register  |  1358 |     0 |           |       |
| CLB Registers              | 19774 |     0 |    141120 | 14.01 |
|   Register as Flip Flop    | 19774 |     0 |    141120 | 14.01 |
|   Register as Latch        |     0 |     0 |    141120 |  0.00 |
| CARRY8                     |   183 |     0 |      8820 |  2.07 |
| F7 Muxes                   |   281 |     0 |     35280 |  0.80 |
| F8 Muxes                   |   101 |     0 |     17640 |  0.57 |
| F9 Muxes                   |     0 |     0 |      8820 |  0.00 |
+----------------------------+-------+-------+-----------+-------+


1.1 Summary of Registers by Type
--------------------------------

+-------+--------------+-------------+--------------+
| Total | Clock Enable | Synchronous | Asynchronous |
+-------+--------------+-------------+--------------+
| 0     |            _ |           - |            - |
| 0     |            _ |           - |          Set |
| 0     |            _ |           - |        Reset |
| 0     |            _ |         Set |            - |
| 0     |            _ |       Reset |            - |
| 0     |          Yes |           - |            - |
| 205   |          Yes |           - |          Set |
| 516   |          Yes |           - |        Reset |
| 248   |          Yes |         Set |            - |
| 18805 |          Yes |       Reset |            - |
+-------+--------------+-------------+--------------+


2. CLB Logic Distribution
-------------------------

+--------------------------------------------+-------+-------+-----------+-------+
|                  Site Type                 |  Used | Fixed | Available | Util% |
+--------------------------------------------+-------+-------+-----------+-------+
| CLB                                        |  2936 |     0 |      8820 | 33.29 |
|   CLBL                                     |  1884 |     0 |           |       |
|   CLBM                                     |  1052 |     0 |           |       |
| LUT as Logic                               | 11208 |     0 |     70560 | 15.88 |
|   using O5 output only                     |   428 |       |           |       |
|   using O6 output only                     |  7839 |       |           |       |
|   using O5 and O6                          |  2941 |       |           |       |
| LUT as Memory                              |  1598 |     0 |     28800 |  5.55 |
|   LUT as Distributed RAM                   |   240 |     0 |           |       |
|     using O5 output only                   |     0 |       |           |       |
|     using O6 output only                   |     0 |       |           |       |
|     using O5 and O6                        |   240 |       |           |       |
|   LUT as Shift Register                    |  1358 |     0 |           |       |
|     using O5 output only                   |     0 |       |           |       |
|     using O6 output only                   |   337 |       |           |       |
|     using O5 and O6                        |  1021 |       |           |       |
| CLB Registers                              | 19774 |     0 |    141120 | 14.01 |
|   Register driven from within the CLB      |  9307 |       |           |       |
|   Register driven from outside the CLB     | 10467 |       |           |       |
|     LUT in front of the register is unused |  7553 |       |           |       |
|     LUT in front of the register is used   |  2914 |       |           |       |
| Unique Control Sets                        |   866 |       |     17640 |  4.91 |
+--------------------------------------------+-------+-------+-----------+-------+
* * Note: Available Control Sets calculated as Slices * 2, Review the Control Sets Report for more information regarding control sets.


3. BLOCKRAM
-----------

+-------------------+------+-------+-----------+-------+
|     Site Type     | Used | Fixed | Available | Util% |
+-------------------+------+-------+-----------+-------+
| Block RAM Tile    |   42 |     0 |       216 | 19.44 |
|   RAMB36/FIFO*    |   41 |     0 |       216 | 18.98 |
|     RAMB36E2 only |   41 |       |           |       |
|   RAMB18          |    2 |     0 |       432 |  0.46 |
|     RAMB18E2 only |    2 |       |           |       |
+-------------------+------+-------+-----------+-------+
* Note: Each Block RAM Tile only has one FIFO logic available and therefore can accommodate only one FIFO36E2 or one FIFO18E2. However, if a FIFO18E2 occupies a Block RAM Tile, that tile can still accommodate a RAMB18E2


4. ARITHMETIC
-------------

+-----------+------+-------+-----------+-------+
| Site Type | Used | Fixed | Available | Util% |
+-----------+------+-------+-----------+-------+
| DSPs      |    0 |     0 |       360 |  0.00 |
+-----------+------+-------+-----------+-------+


5. I/O
------

+------------------+------+-------+-----------+-------+
|     Site Type    | Used | Fixed | Available | Util% |
+------------------+------+-------+-----------+-------+
| Bonded IOB       |   24 |    24 |       180 | 13.33 |
| HPIOB_M          |   12 |    12 |        72 | 16.67 |
|   INPUT          |    0 |       |           |       |
|   OUTPUT         |   12 |       |           |       |
|   BIDIR          |    0 |       |           |       |
| HPIOB_S          |   12 |    12 |        72 | 16.67 |
|   INPUT          |    0 |       |           |       |
|   OUTPUT         |   12 |       |           |       |
|   BIDIR          |    0 |       |           |       |
| HDIOB_M          |    0 |     0 |        12 |  0.00 |
| HDIOB_S          |    0 |     0 |        12 |  0.00 |
| HPIOB_SNGL       |    0 |     0 |        12 |  0.00 |
| HPIOBDIFFINBUF   |    0 |     0 |        72 |  0.00 |
| HPIOBDIFFOUTBUF  |    0 |     0 |        72 |  0.00 |
| HDIOBDIFFINBUF   |    0 |     0 |        48 |  0.00 |
| BITSLICE_CONTROL |    0 |     0 |        24 |  0.00 |
| BITSLICE_RX_TX   |    0 |     0 |       156 |  0.00 |
| BITSLICE_TX      |    0 |     0 |        24 |  0.00 |
| RIU_OR           |    0 |     0 |        12 |  0.00 |
+------------------+------+-------+-----------+-------+


6. CLOCK
--------

+----------------------+------+-------+-----------+-------+
|       Site Type      | Used | Fixed | Available | Util% |
+----------------------+------+-------+-----------+-------+
| GLOBAL CLOCK BUFFERs |    3 |     0 |       196 |  1.53 |
|   BUFGCE             |    2 |     0 |        88 |  2.27 |
|   BUFGCE_DIV         |    0 |     0 |        12 |  0.00 |
|   BUFG_PS            |    1 |     0 |        72 |  1.39 |
|   BUFGCTRL*          |    0 |     0 |        24 |  0.00 |
| PLL                  |    0 |     0 |         6 |  0.00 |
| MMCM                 |    0 |     0 |         3 |  0.00 |
+----------------------+------+-------+-----------+-------+
* Note: Each used BUFGCTRL counts as two GLOBAL CLOCK BUFFERs. This table does not include global clocking resources, only buffer cell usage. See the Clock Utilization Report (report_clock_utilization) for detailed accounting of global clocking resource availability.


7. ADVANCED
-----------

+-----------+------+-------+-----------+--------+
| Site Type | Used | Fixed | Available |  Util% |
+-----------+------+-------+-----------+--------+
| PS8       |    1 |     0 |         1 | 100.00 |
| SYSMONE4  |    0 |     0 |         1 |   0.00 |
+-----------+------+-------+-----------+--------+


8. CONFIGURATION
----------------

+-------------+------+-------+-----------+-------+
|  Site Type  | Used | Fixed | Available | Util% |
+-------------+------+-------+-----------+-------+
| BSCANE2     |    1 |     0 |         4 | 25.00 |
| DNA_PORTE2  |    0 |     0 |         1 |  0.00 |
| EFUSE_USR   |    0 |     0 |         1 |  0.00 |
| FRAME_ECCE4 |    0 |     0 |         1 |  0.00 |
| ICAPE3      |    0 |     0 |         2 |  0.00 |
| MASTER_JTAG |    0 |     0 |         1 |  0.00 |
| STARTUPE3   |    0 |     0 |         1 |  0.00 |
+-------------+------+-------+-----------+-------+


9. Primitives
-------------

+----------+-------+---------------------+
| Ref Name |  Used | Functional Category |
+----------+-------+---------------------+
| FDRE     | 18805 |            Register |
| LUT6     |  5344 |                 CLB |
| LUT4     |  2761 |                 CLB |
| LUT3     |  2264 |                 CLB |
| LUT2     |  1762 |                 CLB |
| LUT5     |  1548 |                 CLB |
| SRL16E   |  1481 |                 CLB |
| SRLC32E  |   896 |                 CLB |
| FDCE     |   516 |            Register |
| LUT1     |   470 |                 CLB |
| RAMD32   |   420 |                 CLB |
| MUXF7    |   281 |                 CLB |
| FDSE     |   248 |            Register |
| FDPE     |   205 |            Register |
| CARRY8   |   183 |                 CLB |
| MUXF8    |   101 |                 CLB |
| RAMS32   |    60 |                 CLB |
| RAMB36E2 |    41 |           Block Ram |
| OBUF     |    24 |                 I/O |
| SRLC16E  |     2 |                 CLB |
| RAMB18E2 |     2 |           Block Ram |
| BUFGCE   |     2 |               Clock |
| PS8      |     1 |            Advanced |
| BUFG_PS  |     1 |               Clock |
| BSCANE2  |     1 |       Configuration |
+----------+-------+---------------------+


10. Black Boxes
---------------

+----------+------+
| Ref Name | Used |
+----------+------+


11. Instantiated Netlists
-------------------------

+-----------------+------+
|     Ref Name    | Used |
+-----------------+------+
| stream_gen_fifo |    1 |
| dbg_hub         |    1 |
+-----------------+------+


